2018-03-15T10:21:46.005350+00:00 app[web.1]: 	from /app/vendor/bundle/ruby/2.3.0/gems/railties-5.1.5/lib/rails/commands/server/server_command.rb:130:in `tap'
2018-03-15T10:21:46.005352+00:00 app[web.1]: 	from /app/vendor/bundle/ruby/2.3.0/gems/railties-5.1.5/lib/rails/commands/server/server_command.rb:130:in `perform'
2018-03-15T10:21:46.005356+00:00 app[web.1]: 	from /app/vendor/bundle/ruby/2.3.0/gems/thor-0.20.0/lib/thor.rb:387:in `dispatch'
2018-03-15T10:21:46.005357+00:00 app[web.1]: 	from /app/vendor/bundle/ruby/2.3.0/gems/railties-5.1.5/lib/rails/command/base.rb:63:in `perform'
2018-03-15T10:21:46.005358+00:00 app[web.1]: 	from /app/vendor/bundle/ruby/2.3.0/gems/railties-5.1.5/lib/rails/command.rb:44:in `invoke'
2018-03-15T10:21:46.005359+00:00 app[web.1]: 	from /app/vendor/bundle/ruby/2.3.0/gems/railties-5.1.5/lib/rails/commands.rb:16:in `<top (required)>'
2018-03-15T10:21:46.005360+00:00 app[web.1]: 	from bin/rails:4:in `require'
2018-03-15T10:21:46.008175+00:00 app[web.1]: => Booting Puma
2018-03-15T10:21:46.005361+00:00 app[web.1]: 	from bin/rails:4:in `<main>'
2018-03-15T10:21:46.008194+00:00 app[web.1]: Exiting
2018-03-15T10:21:46.008191+00:00 app[web.1]: => Rails 5.1.5 application starting in production 
2018-03-15T10:21:46.008193+00:00 app[web.1]: => Run `rails server -h` for more startup options
2018-03-15T10:21:46.088068+00:00 heroku[web.1]: State changed from starting to crashed
2018-03-15T10:21:46.091118+00:00 heroku[web.1]: State changed from crashed to starting
2018-03-15T10:21:49.152367+00:00 heroku[web.1]: Starting process with command `bin/rails server -p 38477 -e production`
2018-03-15T10:21:52.603660+00:00 heroku[web.1]: State changed from starting to crashed
2018-03-15T10:21:52.529954+00:00 app[web.1]: /app/app/models/application_record.rb:1:in `<top (required)>': uninitialized constant ActiveRecord (NameError)
2018-03-15T10:21:52.529976+00:00 app[web.1]: 	from /app/vendor/bundle/ruby/2.3.0/gems/activesupport-5.1.5/lib/active_support/dependencies/interlock.rb:12:in `block in loading'
2018-03-15T10:21:52.529984+00:00 app[web.1]: 	from /app/vendor/bundle/ruby/2.3.0/gems/activesupport-5.1.5/lib/active_support/concurrency/share_lock.rb:149:in `exclusive'
2018-03-15T10:21:52.529986+00:00 app[web.1]: 	from /app/vendor/bundle/ruby/2.3.0/gems/activesupport-5.1.5/lib/active_support/dependencies/interlock.rb:11:in `loading'
2018-03-15T10:21:52.529989+00:00 app[web.1]: 	from /app/vendor/bundle/ruby/2.3.0/gems/railties-5.1.5/lib/rails/engine.rb:475:in `each'
2018-03-15T10:21:52.529987+00:00 app[web.1]: 	from /app/vendor/bundle/ruby/2.3.0/gems/railties-5.1.5/lib/rails/engine.rb:476:in `block (2 levels) in eager_load!'
2018-03-15T10:21:52.529991+00:00 app[web.1]: 	from /app/vendor/bundle/ruby/2.3.0/gems/railties-5.1.5/lib/rails/engine.rb:475:in `block in eager_load!'
2018-03-15T10:21:52.529992+00:00 app[web.1]: 	from /app/vendor/bundle/ruby/2.3.0/gems/railties-5.1.5/lib/rails/engine.rb:473:in `each'
2018-03-15T10:21:52.529994+00:00 app[web.1]: 	from /app/vendor/bundle/ruby/2.3.0/gems/railties-5.1.5/lib/rails/engine.rb:473:in `eager_load!'
2018-03-15T10:21:52.529995+00:00 app[web.1]: 	from /app/vendor/bundle/ruby/2.3.0/gems/railties-5.1.5/lib/rails/engine.rb:354:in `eager_load!'
2018-03-15T10:21:52.529997+00:00 app[web.1]: 	from /app/vendor/bundle/ruby/2.3.0/gems/railties-5.1.5/lib/rails/application/finisher.rb:67:in `each'
2018-03-15T10:21:52.529998+00:00 app[web.1]: 	from /app/vendor/bundle/ruby/2.3.0/gems/railties-5.1.5/lib/rails/application/finisher.rb:67:in `block in <module:Finisher>'
2018-03-15T10:21:52.530000+00:00 app[web.1]: 	from /app/vendor/bundle/ruby/2.3.0/gems/railties-5.1.5/lib/rails/initializable.rb:30:in `instance_exec'
2018-03-15T10:21:52.530002+00:00 app[web.1]: 	from /app/vendor/bundle/ruby/2.3.0/gems/railties-5.1.5/lib/rails/initializable.rb:30:in `run'
2018-03-15T10:21:52.530003+00:00 app[web.1]: 	from /app/vendor/bundle/ruby/2.3.0/gems/railties-5.1.5/lib/rails/initializable.rb:59:in `block in run_initializers'
2018-03-15T10:21:52.530004+00:00 app[web.1]: 	from /app/vendor/ruby-2.3.4/lib/ruby/2.3.0/tsort.rb:228:in `block in tsort_each'
2018-03-15T10:21:52.530005+00:00 app[web.1]: 	from /app/vendor/ruby-2.3.4/lib/ruby/2.3.0/tsort.rb:350:in `block (2 levels) in each_strongly_connected_component'
2018-03-15T10:21:52.530007+00:00 app[web.1]: 	from /app/vendor/ruby-2.3.4/lib/ruby/2.3.0/tsort.rb:431:in `each_strongly_connected_component_from'
2018-03-15T10:21:52.530008+00:00 app[web.1]: 	from /app/vendor/ruby-2.3.4/lib/ruby/2.3.0/tsort.rb:349:in `block in each_strongly_connected_component'
2018-03-15T10:21:52.530010+00:00 app[web.1]: 	from /app/vendor/ruby-2.3.4/lib/ruby/2.3.0/tsort.rb:347:in `call'
2018-03-15T10:21:52.530009+00:00 app[web.1]: 	from /app/vendor/ruby-2.3.4/lib/ruby/2.3.0/tsort.rb:347:in `each'
2018-03-15T10:21:52.530012+00:00 app[web.1]: 	from /app/vendor/ruby-2.3.4/lib/ruby/2.3.0/tsort.rb:347:in `each_strongly_connected_component'
2018-03-15T10:21:52.530013+00:00 app[web.1]: 	from /app/vendor/ruby-2.3.4/lib/ruby/2.3.0/tsort.rb:226:in `tsort_each'
2018-03-15T10:21:52.530014+00:00 app[web.1]: 	from /app/vendor/ruby-2.3.4/lib/ruby/2.3.0/tsort.rb:205:in `tsort_each'
2018-03-15T10:21:52.530015+00:00 app[web.1]: 	from /app/vendor/bundle/ruby/2.3.0/gems/railties-5.1.5/lib/rails/initializable.rb:58:in `run_initializers'
2018-03-15T10:21:52.530016+00:00 app[web.1]: 	from /app/vendor/bundle/ruby/2.3.0/gems/railties-5.1.5/lib/rails/application.rb:353:in `initialize!'
2018-03-15T10:21:52.530017+00:00 app[web.1]: 	from /app/config/environment.rb:5:in `<top (required)>'
2018-03-15T10:21:52.530018+00:00 app[web.1]: 	from config.ru:3:in `require_relative'
2018-03-15T10:21:52.530019+00:00 app[web.1]: 	from config.ru:3:in `block in <main>'
2018-03-15T10:21:52.530021+00:00 app[web.1]: 	from /app/vendor/bundle/ruby/2.3.0/gems/rack-2.0.4/lib/rack/builder.rb:55:in `instance_eval'
2018-03-15T10:21:52.530023+00:00 app[web.1]: 	from config.ru:in `new'
2018-03-15T10:21:52.530022+00:00 app[web.1]: 	from /app/vendor/bundle/ruby/2.3.0/gems/rack-2.0.4/lib/rack/builder.rb:55:in `initialize'
2018-03-15T10:21:52.530024+00:00 app[web.1]: 	from config.ru:in `<main>'
2018-03-15T10:21:52.530025+00:00 app[web.1]: 	from /app/vendor/bundle/ruby/2.3.0/gems/rack-2.0.4/lib/rack/builder.rb:49:in `eval'
2018-03-15T10:21:52.530029+00:00 app[web.1]: 	from /app/vendor/bundle/ruby/2.3.0/gems/rack-2.0.4/lib/rack/builder.rb:49:in `new_from_string'
2018-03-15T10:21:52.530030+00:00 app[web.1]: 	from /app/vendor/bundle/ruby/2.3.0/gems/rack-2.0.4/lib/rack/builder.rb:40:in `parse_file'
2018-03-15T10:21:52.530031+00:00 app[web.1]: 	from /app/vendor/bundle/ruby/2.3.0/gems/rack-2.0.4/lib/rack/server.rb:319:in `build_app_and_options_from_config'
2018-03-15T10:21:52.530032+00:00 app[web.1]: 	from /app/vendor/bundle/ruby/2.3.0/gems/rack-2.0.4/lib/rack/server.rb:219:in `app'
2018-03-15T10:21:52.530033+00:00 app[web.1]: 	from /app/vendor/bundle/ruby/2.3.0/gems/railties-5.1.5/lib/rails/commands/server/server_command.rb:24:in `app'
2018-03-15T10:21:52.530035+00:00 app[web.1]: 	from /app/vendor/bundle/ruby/2.3.0/gems/rack-2.0.4/lib/rack/server.rb:283:in `start'
2018-03-15T10:21:52.530034+00:00 app[web.1]: 	from /app/vendor/bundle/ruby/2.3.0/gems/rack-2.0.4/lib/rack/server.rb:354:in `wrapped_app'
2018-03-15T10:21:52.530036+00:00 app[web.1]: 	from /app/vendor/bundle/ruby/2.3.0/gems/railties-5.1.5/lib/rails/commands/server/server_command.rb:44:in `start'
2018-03-15T10:21:52.530037+00:00 app[web.1]: 	from /app/vendor/bundle/ruby/2.3.0/gems/railties-5.1.5/lib/rails/commands/server/server_command.rb:135:in `block in perform'
2018-03-15T10:21:52.530038+00:00 app[web.1]: 	from /app/vendor/bundle/ruby/2.3.0/gems/railties-5.1.5/lib/rails/commands/server/server_command.rb:130:in `tap'
2018-03-15T10:21:52.530039+00:00 app[web.1]: 	from /app/vendor/bundle/ruby/2.3.0/gems/railties-5.1.5/lib/rails/commands/server/server_command.rb:130:in `perform'
2018-03-15T10:21:52.530041+00:00 app[web.1]: 	from /app/vendor/bundle/ruby/2.3.0/gems/thor-0.20.0/lib/thor/command.rb:27:in `run'
2018-03-15T10:21:52.530042+00:00 app[web.1]: 	from /app/vendor/bundle/ruby/2.3.0/gems/thor-0.20.0/lib/thor/invocation.rb:126:in `invoke_command'
2018-03-15T10:21:52.530043+00:00 app[web.1]: 	from /app/vendor/bundle/ruby/2.3.0/gems/thor-0.20.0/lib/thor.rb:387:in `dispatch'
2018-03-15T10:21:52.530044+00:00 app[web.1]: 	from /app/vendor/bundle/ruby/2.3.0/gems/railties-5.1.5/lib/rails/command/base.rb:63:in `perform'
2018-03-15T10:21:52.530045+00:00 app[web.1]: 	from /app/vendor/bundle/ruby/2.3.0/gems/railties-5.1.5/lib/rails/command.rb:44:in `invoke'
2018-03-15T10:21:52.530046+00:00 app[web.1]: 	from /app/vendor/bundle/ruby/2.3.0/gems/railties-5.1.5/lib/rails/commands.rb:16:in `<top (required)>'
2018-03-15T10:21:52.530048+00:00 app[web.1]: 	from bin/rails:4:in `<main>'
2018-03-15T10:21:52.533077+00:00 app[web.1]: => Booting Puma
2018-03-15T10:21:52.530047+00:00 app[web.1]: 	from bin/rails:4:in `require'
2018-03-15T10:21:52.533079+00:00 app[web.1]: => Rails 5.1.5 application starting in production 
2018-03-15T10:21:52.533080+00:00 app[web.1]: => Run `rails server -h` for more startup options
2018-03-15T10:21:52.533081+00:00 app[web.1]: Exiting
2018-03-15T10:21:52.590878+00:00 heroku[web.1]: Process exited with status 1
2018-03-15T10:21:53.304033+00:00 heroku[router]: at=error code=H10 desc="App crashed" method=GET path="/" host=cloneblt.herokuapp.com request_id=c6b06700-1dd4-407c-a1f6-527278c0df15 fwd="210.245.53.9" dyno= connect= service= status=503 bytes= protocol=https
2018-03-15T10:21:55.493410+00:00 heroku[router]: at=error code=H10 desc="App crashed" method=GET path="/favicon.ico" host=cloneblt.herokuapp.com request_id=b0fbd3a0-c662-43f3-a6ba-2db704a8c475 fwd="210.245.53.9" dyno= connect= service= status=503 bytes= protocol=https
2018-03-15T10:34:07.000000+00:00 app[api]: Build started by user nhatdtse03990@fpt.edu.vn
2018-03-15T10:34:33.112928+00:00 app[api]: Deploy ce1f8cb8 by user nhatdtse03990@fpt.edu.vn
2018-03-15T10:34:33.112928+00:00 app[api]: Release v6 created by user nhatdtse03990@fpt.edu.vn
2018-03-15T10:34:07.000000+00:00 app[api]: Build succeeded
2018-03-15T10:34:33.962491+00:00 heroku[web.1]: State changed from crashed to starting
2018-03-15T10:34:36.750841+00:00 heroku[web.1]: Starting process with command `bin/rails server -p 40757 -e production`
2018-03-15T10:34:39.831012+00:00 app[web.1]: => Booting Puma
2018-03-15T10:34:39.831034+00:00 app[web.1]: => Rails 5.1.5 application starting in production 
2018-03-15T10:34:39.831036+00:00 app[web.1]: => Run `rails server -h` for more startup options
2018-03-15T10:34:39.831038+00:00 app[web.1]: Puma starting in single mode...
2018-03-15T10:34:39.831044+00:00 app[web.1]: * Version 3.11.3 (ruby 2.3.4-p301), codename: Love Song
2018-03-15T10:34:39.831046+00:00 app[web.1]: * Min threads: 5, max threads: 5
2018-03-15T10:34:39.831047+00:00 app[web.1]: * Environment: production
2018-03-15T10:34:39.831115+00:00 app[web.1]: * Listening on tcp://0.0.0.0:40757
2018-03-15T10:34:39.831778+00:00 app[web.1]: Use Ctrl-C to stop
2018-03-15T10:34:40.399577+00:00 heroku[web.1]: State changed from starting to up
2018-03-15T10:34:46.946239+00:00 heroku[router]: at=info method=GET path="/" host=cloneblt.herokuapp.com request_id=fda757b4-7aa9-478f-a1cf-c6156c9393cd fwd="210.245.53.9" dyno=web.1 connect=0ms service=44ms status=500 bytes=1827 protocol=https
2018-03-15T10:34:46.904420+00:00 app[web.1]: I, [2018-03-15T10:34:46.904296 #4]  INFO -- : [fda757b4-7aa9-478f-a1cf-c6156c9393cd] Started GET "/" for 210.245.53.9 at 2018-03-15 10:34:46 +0000
2018-03-15T10:34:46.906441+00:00 app[web.1]: I, [2018-03-15T10:34:46.906353 #4]  INFO -- : [fda757b4-7aa9-478f-a1cf-c6156c9393cd] Processing by BtlController#index as HTML
2018-03-15T10:34:46.943643+00:00 app[web.1]: I, [2018-03-15T10:34:46.943510 #4]  INFO -- : [fda757b4-7aa9-478f-a1cf-c6156c9393cd] Completed 500 Internal Server Error in 37ms
2018-03-15T10:34:46.944499+00:00 app[web.1]: F, [2018-03-15T10:34:46.944417 #4] FATAL -- : [fda757b4-7aa9-478f-a1cf-c6156c9393cd]   
2018-03-15T10:34:46.944587+00:00 app[web.1]: F, [2018-03-15T10:34:46.944510 #4] FATAL -- : [fda757b4-7aa9-478f-a1cf-c6156c9393cd] SocketError (Failed to open TCP connection to fsoft-proxy:8080 (getaddrinfo: Name or service not known)):
2018-03-15T10:34:46.944663+00:00 app[web.1]: F, [2018-03-15T10:34:46.944591 #4] FATAL -- : [fda757b4-7aa9-478f-a1cf-c6156c9393cd]   
2018-03-15T10:34:46.944753+00:00 app[web.1]: F, [2018-03-15T10:34:46.944682 #4] FATAL -- : [fda757b4-7aa9-478f-a1cf-c6156c9393cd] app/controllers/btl_controller.rb:6:in `index'
2018-03-15T10:34:47.364975+00:00 heroku[router]: at=info method=GET path="/favicon.ico" host=cloneblt.herokuapp.com request_id=f56a32de-23e1-4739-90e4-a11d10d29e54 fwd="210.245.53.9" dyno=web.1 connect=0ms service=1ms status=200 bytes=143 protocol=https
Terminate batch job (Y/N)? 
